2025-03-27T18:59:10.570+01:00  INFO 18792 --- [RideApp] [main] ser.mil.rideapp.RideAppApplication       : Starting RideAppApplication using Java 21.0.6 with PID 18792 (C:\Users\naiko\Desktop\Projekty nowe\RideApp\target\classes started by naiko in C:\Users\naiko\Desktop\Projekty nowe\RideApp)
2025-03-27T18:59:10.571+01:00  INFO 18792 --- [RideApp] [main] ser.mil.rideapp.RideAppApplication       : No active profile set, falling back to 1 default profile: "default"
2025-03-27T18:59:10.954+01:00  INFO 18792 --- [RideApp] [main] .s.d.r.c.RepositoryConfigurationDelegate : Bootstrapping Spring Data JPA repositories in DEFAULT mode.
2025-03-27T18:59:10.970+01:00  INFO 18792 --- [RideApp] [main] .s.d.r.c.RepositoryConfigurationDelegate : Finished Spring Data repository scanning in 10 ms. Found 0 JPA repository interfaces.
2025-03-27T18:59:11.224+01:00  INFO 18792 --- [RideApp] [main] o.s.b.w.embedded.tomcat.TomcatWebServer  : Tomcat initialized with port 8080 (http)
2025-03-27T18:59:11.237+01:00  INFO 18792 --- [RideApp] [main] o.apache.catalina.core.StandardService   : Starting service [Tomcat]
2025-03-27T18:59:11.238+01:00  INFO 18792 --- [RideApp] [main] o.apache.catalina.core.StandardEngine    : Starting Servlet engine: [Apache Tomcat/10.1.39]
2025-03-27T18:59:11.270+01:00  INFO 18792 --- [RideApp] [main] o.a.c.c.C.[Tomcat].[localhost].[/]       : Initializing Spring embedded WebApplicationContext
2025-03-27T18:59:11.270+01:00  INFO 18792 --- [RideApp] [main] w.s.c.ServletWebServerApplicationContext : Root WebApplicationContext: initialization completed in 672 ms
2025-03-27T18:59:11.344+01:00  INFO 18792 --- [RideApp] [main] com.zaxxer.hikari.HikariDataSource       : HikariPool-1 - Starting...
2025-03-27T18:59:11.475+01:00  INFO 18792 --- [RideApp] [main] com.zaxxer.hikari.pool.HikariPool        : HikariPool-1 - Added connection conn0: url=jdbc:h2:mem:5d1c6e60-2ea7-4358-93be-19003a6414b9 user=SA
2025-03-27T18:59:11.476+01:00  INFO 18792 --- [RideApp] [main] com.zaxxer.hikari.HikariDataSource       : HikariPool-1 - Start completed.
2025-03-27T18:59:11.506+01:00  INFO 18792 --- [RideApp] [main] o.hibernate.jpa.internal.util.LogHelper  : HHH000204: Processing PersistenceUnitInfo [name: default]
2025-03-27T18:59:11.543+01:00  INFO 18792 --- [RideApp] [main] org.hibernate.Version                    : HHH000412: Hibernate ORM core version 6.6.11.Final
2025-03-27T18:59:11.566+01:00  INFO 18792 --- [RideApp] [main] o.h.c.internal.RegionFactoryInitiator    : HHH000026: Second-level cache disabled
2025-03-27T18:59:11.750+01:00  INFO 18792 --- [RideApp] [main] o.s.o.j.p.SpringPersistenceUnitInfo      : No LoadTimeWeaver setup: ignoring JPA class transformer
2025-03-27T18:59:11.804+01:00  INFO 18792 --- [RideApp] [main] org.hibernate.orm.connections.pooling    : HHH10001005: Database info:
	Database JDBC URL [Connecting through datasource 'HikariDataSource (HikariPool-1)']
	Database driver: undefined/unknown
	Database version: 2.3.232
	Autocommit mode: undefined/unknown
	Isolation level: undefined/unknown
	Minimum pool size: undefined/unknown
	Maximum pool size: undefined/unknown
2025-03-27T18:59:12.020+01:00  INFO 18792 --- [RideApp] [main] o.h.e.t.j.p.i.JtaPlatformInitiator       : HHH000489: No JTA platform available (set 'hibernate.transaction.jta.platform' to enable JTA platform integration)
2025-03-27T18:59:12.023+01:00  INFO 18792 --- [RideApp] [main] j.LocalContainerEntityManagerFactoryBean : Initialized JPA EntityManagerFactory for persistence unit 'default'
2025-03-27T18:59:12.102+01:00  WARN 18792 --- [RideApp] [main] JpaBaseConfiguration$JpaWebConfiguration : spring.jpa.open-in-view is enabled by default. Therefore, database queries may be performed during view rendering. Explicitly configure spring.jpa.open-in-view to disable this warning
2025-03-27T18:59:12.338+01:00  INFO 18792 --- [RideApp] [main] o.s.b.w.embedded.tomcat.TomcatWebServer  : Tomcat started on port 8080 (http) with context path '/'
2025-03-27T18:59:12.343+01:00  INFO 18792 --- [RideApp] [main] ser.mil.rideapp.RideAppApplication       : Started RideAppApplication in 2.079 seconds (process running for 2.459)
2025-03-27T18:59:51.737+01:00  INFO 18792 --- [RideApp] [http-nio-8080-exec-1] o.a.c.c.C.[Tomcat].[localhost].[/]       : Initializing Spring DispatcherServlet 'dispatcherServlet'
2025-03-27T18:59:51.738+01:00  INFO 18792 --- [RideApp] [http-nio-8080-exec-1] o.s.web.servlet.DispatcherServlet        : Initializing Servlet 'dispatcherServlet'
2025-03-27T18:59:51.739+01:00  INFO 18792 --- [RideApp] [http-nio-8080-exec-1] o.s.web.servlet.DispatcherServlet        : Completed initialization in 1 ms
2025-03-27T18:59:51.785+01:00  INFO 18792 --- [RideApp] [http-nio-8080-exec-1] s.m.r.c.request.LoggingController        : An INFO Message
2025-03-27T18:59:51.785+01:00  WARN 18792 --- [RideApp] [http-nio-8080-exec-1] s.m.r.c.request.LoggingController        : A WARN Message
2025-03-27T18:59:51.785+01:00 ERROR 18792 --- [RideApp] [http-nio-8080-exec-1] s.m.r.c.request.LoggingController        : An ERROR Message
2025-03-27T19:06:35.820+01:00  INFO 18792 --- [RideApp] [SpringApplicationShutdownHook] o.s.b.w.e.tomcat.GracefulShutdown        : Commencing graceful shutdown. Waiting for active requests to complete
2025-03-27T19:06:35.823+01:00  INFO 18792 --- [RideApp] [tomcat-shutdown] o.s.b.w.e.tomcat.GracefulShutdown        : Graceful shutdown complete
2025-03-27T19:06:35.826+01:00  INFO 18792 --- [RideApp] [SpringApplicationShutdownHook] j.LocalContainerEntityManagerFactoryBean : Closing JPA EntityManagerFactory for persistence unit 'default'
2025-03-27T19:06:35.827+01:00  INFO 18792 --- [RideApp] [SpringApplicationShutdownHook] com.zaxxer.hikari.HikariDataSource       : HikariPool-1 - Shutdown initiated...
2025-03-27T19:06:35.828+01:00  INFO 18792 --- [RideApp] [SpringApplicationShutdownHook] com.zaxxer.hikari.HikariDataSource       : HikariPool-1 - Shutdown completed.
2025-03-27T19:06:57.380+01:00  INFO 2708 --- [RideApp] [main] ser.mil.rideapp.RideAppApplication       : Starting RideAppApplication using Java 21.0.6 with PID 2708 (C:\Users\naiko\Desktop\Projekty nowe\RideApp\target\classes started by naiko in C:\Users\naiko\Desktop\Projekty nowe\RideApp)
2025-03-27T19:06:57.381+01:00  INFO 2708 --- [RideApp] [main] ser.mil.rideapp.RideAppApplication       : No active profile set, falling back to 1 default profile: "default"
2025-03-27T19:06:57.762+01:00  INFO 2708 --- [RideApp] [main] .s.d.r.c.RepositoryConfigurationDelegate : Bootstrapping Spring Data JPA repositories in DEFAULT mode.
2025-03-27T19:06:57.779+01:00  INFO 2708 --- [RideApp] [main] .s.d.r.c.RepositoryConfigurationDelegate : Finished Spring Data repository scanning in 11 ms. Found 0 JPA repository interfaces.
2025-03-27T19:06:58.034+01:00  INFO 2708 --- [RideApp] [main] o.s.b.w.embedded.tomcat.TomcatWebServer  : Tomcat initialized with port 8080 (http)
2025-03-27T19:06:58.044+01:00  INFO 2708 --- [RideApp] [main] o.apache.catalina.core.StandardService   : Starting service [Tomcat]
2025-03-27T19:06:58.044+01:00  INFO 2708 --- [RideApp] [main] o.apache.catalina.core.StandardEngine    : Starting Servlet engine: [Apache Tomcat/10.1.39]
2025-03-27T19:06:58.075+01:00  INFO 2708 --- [RideApp] [main] o.a.c.c.C.[Tomcat].[localhost].[/]       : Initializing Spring embedded WebApplicationContext
2025-03-27T19:06:58.075+01:00  INFO 2708 --- [RideApp] [main] w.s.c.ServletWebServerApplicationContext : Root WebApplicationContext: initialization completed in 669 ms
2025-03-27T19:06:58.151+01:00  INFO 2708 --- [RideApp] [main] com.zaxxer.hikari.HikariDataSource       : HikariPool-1 - Starting...
2025-03-27T19:06:58.278+01:00  INFO 2708 --- [RideApp] [main] com.zaxxer.hikari.pool.HikariPool        : HikariPool-1 - Added connection conn0: url=jdbc:h2:mem:8a0d1fa9-a33b-412f-a5fa-783c14fc641d user=SA
2025-03-27T19:06:58.279+01:00  INFO 2708 --- [RideApp] [main] com.zaxxer.hikari.HikariDataSource       : HikariPool-1 - Start completed.
2025-03-27T19:06:58.310+01:00  INFO 2708 --- [RideApp] [main] o.hibernate.jpa.internal.util.LogHelper  : HHH000204: Processing PersistenceUnitInfo [name: default]
2025-03-27T19:06:58.349+01:00  INFO 2708 --- [RideApp] [main] org.hibernate.Version                    : HHH000412: Hibernate ORM core version 6.6.11.Final
2025-03-27T19:06:58.372+01:00  INFO 2708 --- [RideApp] [main] o.h.c.internal.RegionFactoryInitiator    : HHH000026: Second-level cache disabled
2025-03-27T19:06:58.560+01:00  INFO 2708 --- [RideApp] [main] o.s.o.j.p.SpringPersistenceUnitInfo      : No LoadTimeWeaver setup: ignoring JPA class transformer
2025-03-27T19:06:58.611+01:00  INFO 2708 --- [RideApp] [main] org.hibernate.orm.connections.pooling    : HHH10001005: Database info:
	Database JDBC URL [Connecting through datasource 'HikariDataSource (HikariPool-1)']
	Database driver: undefined/unknown
	Database version: 2.3.232
	Autocommit mode: undefined/unknown
	Isolation level: undefined/unknown
	Minimum pool size: undefined/unknown
	Maximum pool size: undefined/unknown
2025-03-27T19:06:58.826+01:00  INFO 2708 --- [RideApp] [main] o.h.e.t.j.p.i.JtaPlatformInitiator       : HHH000489: No JTA platform available (set 'hibernate.transaction.jta.platform' to enable JTA platform integration)
2025-03-27T19:06:58.829+01:00  INFO 2708 --- [RideApp] [main] j.LocalContainerEntityManagerFactoryBean : Initialized JPA EntityManagerFactory for persistence unit 'default'
2025-03-27T19:06:58.908+01:00  WARN 2708 --- [RideApp] [main] JpaBaseConfiguration$JpaWebConfiguration : spring.jpa.open-in-view is enabled by default. Therefore, database queries may be performed during view rendering. Explicitly configure spring.jpa.open-in-view to disable this warning
2025-03-27T19:06:59.141+01:00  INFO 2708 --- [RideApp] [main] o.s.b.w.embedded.tomcat.TomcatWebServer  : Tomcat started on port 8080 (http) with context path '/'
2025-03-27T19:06:59.145+01:00  INFO 2708 --- [RideApp] [main] ser.mil.rideapp.RideAppApplication       : Started RideAppApplication in 2.057 seconds (process running for 2.512)
2025-03-27T19:07:02.626+01:00  INFO 2708 --- [RideApp] [http-nio-8080-exec-1] o.a.c.c.C.[Tomcat].[localhost].[/]       : Initializing Spring DispatcherServlet 'dispatcherServlet'
2025-03-27T19:07:02.626+01:00  INFO 2708 --- [RideApp] [http-nio-8080-exec-1] o.s.web.servlet.DispatcherServlet        : Initializing Servlet 'dispatcherServlet'
2025-03-27T19:07:02.627+01:00  INFO 2708 --- [RideApp] [http-nio-8080-exec-1] o.s.web.servlet.DispatcherServlet        : Completed initialization in 1 ms
2025-03-27T19:07:02.669+01:00  INFO 2708 --- [RideApp] [http-nio-8080-exec-1] s.m.r.c.request.LoggingController        : An INFO Message
2025-03-27T19:07:02.670+01:00  WARN 2708 --- [RideApp] [http-nio-8080-exec-1] s.m.r.c.request.LoggingController        : A WARN Message
2025-03-27T19:07:02.670+01:00 ERROR 2708 --- [RideApp] [http-nio-8080-exec-1] s.m.r.c.request.LoggingController        : An ERROR Message
2025-03-27T19:10:54.139+01:00  INFO 2708 --- [RideApp] [SpringApplicationShutdownHook] o.s.b.w.e.tomcat.GracefulShutdown        : Commencing graceful shutdown. Waiting for active requests to complete
2025-03-27T19:10:54.143+01:00  INFO 2708 --- [RideApp] [tomcat-shutdown] o.s.b.w.e.tomcat.GracefulShutdown        : Graceful shutdown complete
2025-03-27T19:10:54.146+01:00  INFO 2708 --- [RideApp] [SpringApplicationShutdownHook] j.LocalContainerEntityManagerFactoryBean : Closing JPA EntityManagerFactory for persistence unit 'default'
2025-03-27T19:10:54.148+01:00  INFO 2708 --- [RideApp] [SpringApplicationShutdownHook] com.zaxxer.hikari.HikariDataSource       : HikariPool-1 - Shutdown initiated...
2025-03-27T19:10:54.149+01:00  INFO 2708 --- [RideApp] [SpringApplicationShutdownHook] com.zaxxer.hikari.HikariDataSource       : HikariPool-1 - Shutdown completed.
2025-03-27T19:10:55.744+01:00  INFO 5688 --- [RideApp] [main] ser.mil.rideapp.RideAppApplication       : Starting RideAppApplication using Java 21.0.6 with PID 5688 (C:\Users\naiko\Desktop\Projekty nowe\RideApp\target\classes started by naiko in C:\Users\naiko\Desktop\Projekty nowe\RideApp)
2025-03-27T19:10:55.746+01:00  INFO 5688 --- [RideApp] [main] ser.mil.rideapp.RideAppApplication       : No active profile set, falling back to 1 default profile: "default"
2025-03-27T19:10:56.132+01:00  INFO 5688 --- [RideApp] [main] .s.d.r.c.RepositoryConfigurationDelegate : Bootstrapping Spring Data JPA repositories in DEFAULT mode.
2025-03-27T19:10:56.148+01:00  INFO 5688 --- [RideApp] [main] .s.d.r.c.RepositoryConfigurationDelegate : Finished Spring Data repository scanning in 9 ms. Found 0 JPA repository interfaces.
2025-03-27T19:10:56.402+01:00  INFO 5688 --- [RideApp] [main] o.s.b.w.embedded.tomcat.TomcatWebServer  : Tomcat initialized with port 8080 (http)
2025-03-27T19:10:56.412+01:00  INFO 5688 --- [RideApp] [main] o.apache.catalina.core.StandardService   : Starting service [Tomcat]
2025-03-27T19:10:56.412+01:00  INFO 5688 --- [RideApp] [main] o.apache.catalina.core.StandardEngine    : Starting Servlet engine: [Apache Tomcat/10.1.39]
2025-03-27T19:10:56.444+01:00  INFO 5688 --- [RideApp] [main] o.a.c.c.C.[Tomcat].[localhost].[/]       : Initializing Spring embedded WebApplicationContext
2025-03-27T19:10:56.444+01:00  INFO 5688 --- [RideApp] [main] w.s.c.ServletWebServerApplicationContext : Root WebApplicationContext: initialization completed in 672 ms
2025-03-27T19:10:56.518+01:00  INFO 5688 --- [RideApp] [main] com.zaxxer.hikari.HikariDataSource       : HikariPool-1 - Starting...
2025-03-27T19:10:56.651+01:00  INFO 5688 --- [RideApp] [main] com.zaxxer.hikari.pool.HikariPool        : HikariPool-1 - Added connection conn0: url=jdbc:h2:mem:16f10e97-30bf-4048-ad78-93d0cf99b6c4 user=SA
2025-03-27T19:10:56.653+01:00  INFO 5688 --- [RideApp] [main] com.zaxxer.hikari.HikariDataSource       : HikariPool-1 - Start completed.
2025-03-27T19:10:56.685+01:00  INFO 5688 --- [RideApp] [main] o.hibernate.jpa.internal.util.LogHelper  : HHH000204: Processing PersistenceUnitInfo [name: default]
2025-03-27T19:10:56.725+01:00  INFO 5688 --- [RideApp] [main] org.hibernate.Version                    : HHH000412: Hibernate ORM core version 6.6.11.Final
2025-03-27T19:10:56.782+01:00  INFO 5688 --- [RideApp] [main] o.h.c.internal.RegionFactoryInitiator    : HHH000026: Second-level cache disabled
2025-03-27T19:10:56.975+01:00  INFO 5688 --- [RideApp] [main] o.s.o.j.p.SpringPersistenceUnitInfo      : No LoadTimeWeaver setup: ignoring JPA class transformer
2025-03-27T19:10:57.025+01:00  INFO 5688 --- [RideApp] [main] org.hibernate.orm.connections.pooling    : HHH10001005: Database info:
	Database JDBC URL [Connecting through datasource 'HikariDataSource (HikariPool-1)']
	Database driver: undefined/unknown
	Database version: 2.3.232
	Autocommit mode: undefined/unknown
	Isolation level: undefined/unknown
	Minimum pool size: undefined/unknown
	Maximum pool size: undefined/unknown
2025-03-27T19:10:57.244+01:00  INFO 5688 --- [RideApp] [main] o.h.e.t.j.p.i.JtaPlatformInitiator       : HHH000489: No JTA platform available (set 'hibernate.transaction.jta.platform' to enable JTA platform integration)
2025-03-27T19:10:57.248+01:00  INFO 5688 --- [RideApp] [main] j.LocalContainerEntityManagerFactoryBean : Initialized JPA EntityManagerFactory for persistence unit 'default'
2025-03-27T19:10:57.329+01:00  WARN 5688 --- [RideApp] [main] JpaBaseConfiguration$JpaWebConfiguration : spring.jpa.open-in-view is enabled by default. Therefore, database queries may be performed during view rendering. Explicitly configure spring.jpa.open-in-view to disable this warning
2025-03-27T19:10:57.575+01:00  INFO 5688 --- [RideApp] [main] o.s.b.w.embedded.tomcat.TomcatWebServer  : Tomcat started on port 8080 (http) with context path '/'
2025-03-27T19:10:57.579+01:00  INFO 5688 --- [RideApp] [main] ser.mil.rideapp.RideAppApplication       : Started RideAppApplication in 2.138 seconds (process running for 2.555)
2025-03-27T19:12:55.595+01:00  INFO 5688 --- [RideApp] [http-nio-8080-exec-1] o.a.c.c.C.[Tomcat].[localhost].[/]       : Initializing Spring DispatcherServlet 'dispatcherServlet'
2025-03-27T19:12:55.595+01:00  INFO 5688 --- [RideApp] [http-nio-8080-exec-1] o.s.web.servlet.DispatcherServlet        : Initializing Servlet 'dispatcherServlet'
2025-03-27T19:12:55.596+01:00  INFO 5688 --- [RideApp] [http-nio-8080-exec-1] o.s.web.servlet.DispatcherServlet        : Completed initialization in 1 ms
2025-03-27T19:12:55.640+01:00  INFO 5688 --- [RideApp] [http-nio-8080-exec-1] s.m.r.c.request.LoggingController        : An INFO Message
2025-03-27T19:12:55.640+01:00  WARN 5688 --- [RideApp] [http-nio-8080-exec-1] s.m.r.c.request.LoggingController        : A WARN Message
2025-03-27T19:12:55.640+01:00 ERROR 5688 --- [RideApp] [http-nio-8080-exec-1] s.m.r.c.request.LoggingController        : An ERROR Message
2025-03-27T19:13:55.300+01:00  INFO 5688 --- [RideApp] [SpringApplicationShutdownHook] o.s.b.w.e.tomcat.GracefulShutdown        : Commencing graceful shutdown. Waiting for active requests to complete
2025-03-27T19:13:55.303+01:00  INFO 5688 --- [RideApp] [tomcat-shutdown] o.s.b.w.e.tomcat.GracefulShutdown        : Graceful shutdown complete
2025-03-27T19:13:55.305+01:00  INFO 5688 --- [RideApp] [SpringApplicationShutdownHook] j.LocalContainerEntityManagerFactoryBean : Closing JPA EntityManagerFactory for persistence unit 'default'
2025-03-27T19:13:55.306+01:00  INFO 5688 --- [RideApp] [SpringApplicationShutdownHook] com.zaxxer.hikari.HikariDataSource       : HikariPool-1 - Shutdown initiated...
2025-03-27T19:13:55.308+01:00  INFO 5688 --- [RideApp] [SpringApplicationShutdownHook] com.zaxxer.hikari.HikariDataSource       : HikariPool-1 - Shutdown completed.
